Flutter crash report; please file at https://github.com/flutter/flutter/issues.

## command

flutter build bundle --suppress-analytics --target C:\Users\Reuvain\Flutter Projects\MySoftballTeam\lib\main.dart --track-widget-creation --target-platform android-arm64 --depfile C:\Users\Reuvain\Flutter Projects\MySoftballTeam\build\app\intermediates\flutter\debug/snapshot_blob.bin.d --asset-dir C:\Users\Reuvain\Flutter Projects\MySoftballTeam\build\app\intermediates\flutter\debug/flutter_assets --debug

## exception

FileSystemException: FileSystemException: Exists failed, path = 'C:\Users\Reuvain\Flutter Projects\MySoftballTeam\build\app\intermediates\flutter\debug/flutter_assets' (OS Error: Access is denied.
, errno = 5)

```
#0      _Directory.existsSync (dart:io/directory_impl.dart:101:7)
#1      _Directory.createSync (dart:io/directory_impl.dart:133:11)
#2      _LocalDirectory&LocalFileSystemEntity&ForwardingDirectory.createSync (package:file/src/forwarding/forwarding_directory.dart:22:16)
#3      writeBundle (package:flutter_tools/src/bundle.dart:203:13)
<asynchronous suspension>
#4      assemble (package:flutter_tools/src/bundle.dart:195:9)
<asynchronous suspension>
#5      build (package:flutter_tools/src/bundle.dart:128:9)
<asynchronous suspension>
#6      BuildBundleCommand.runCommand (package:flutter_tools/src/commands/build_bundle.dart:89:11)
<asynchronous suspension>
#7      FlutterCommand.verifyThenRunCommand (package:flutter_tools/src/runner/flutter_command.dart:401:18)
<asynchronous suspension>
#8      FlutterCommand.run.<anonymous closure> (package:flutter_tools/src/runner/flutter_command.dart:335:33)
<asynchronous suspension>
#9      AppContext.run.<anonymous closure> (package:flutter_tools/src/base/context.dart:142:29)
<asynchronous suspension>
#10     _rootRun (dart:async/zone.dart:1124:13)
#11     _CustomZone.run (dart:async/zone.dart:1021:19)
#12     _runZoned (dart:async/zone.dart:1516:10)
#13     runZoned (dart:async/zone.dart:1463:12)
#14     AppContext.run (package:flutter_tools/src/base/context.dart:141:18)
<asynchronous suspension>
#15     FlutterCommand.run (package:flutter_tools/src/runner/flutter_command.dart:326:20)
#16     CommandRunner.runCommand (package:args/command_runner.dart:196:27)
<asynchronous suspension>
#17     FlutterCommandRunner.runCommand.<anonymous closure> (package:flutter_tools/src/runner/flutter_command_runner.dart:401:21)
<asynchronous suspension>
#18     AppContext.run.<anonymous closure> (package:flutter_tools/src/base/context.dart:142:29)
<asynchronous suspension>
#19     _rootRun (dart:async/zone.dart:1124:13)
#20     _CustomZone.run (dart:async/zone.dart:1021:19)
#21     _runZoned (dart:async/zone.dart:1516:10)
#22     runZoned (dart:async/zone.dart:1463:12)
#23     AppContext.run (package:flutter_tools/src/base/context.dart:141:18)
<asynchronous suspension>
#24     FlutterCommandRunner.runCommand (package:flutter_tools/src/runner/flutter_command_runner.dart:361:19)
<asynchronous suspension>
#25     CommandRunner.run.<anonymous closure> (package:args/command_runner.dart:111:29)
#26     new Future.sync (dart:async/future.dart:224:31)
#27     CommandRunner.run (package:args/command_runner.dart:111:11)
#28     FlutterCommandRunner.run (package:flutter_tools/src/runner/flutter_command_runner.dart:241:18)
#29     run.<anonymous closure> (package:flutter_tools/runner.dart:60:20)
<asynchronous suspension>
#30     AppContext.run.<anonymous closure> (package:flutter_tools/src/base/context.dart:142:29)
<asynchronous suspension>
#31     _rootRun (dart:async/zone.dart:1124:13)
#32     _CustomZone.run (dart:async/zone.dart:1021:19)
#33     _runZoned (dart:async/zone.dart:1516:10)
#34     runZoned (dart:async/zone.dart:1463:12)
#35     AppContext.run (package:flutter_tools/src/base/context.dart:141:18)
<asynchronous suspension>
#36     runInContext (package:flutter_tools/src/context_runner.dart:43:24)
<asynchronous suspension>
#37     run (package:flutter_tools/runner.dart:51:10)
#38     main (package:flutter_tools/executable.dart:51:9)
<asynchronous suspension>
#39     main (file:///C:/src/flutter/packages/flutter_tools/bin/flutter_tools.dart:8:3)
#40     _startIsolate.<anonymous closure> (dart:isolate/runtime/libisolate_patch.dart:287:32)
#41     _RawReceivePortImpl._handleMessage (dart:isolate/runtime/libisolate_patch.dart:171:12)
```

## flutter doctor

```
[✓] Flutter (Channel beta, v1.0.0, on Microsoft Windows [Version 10.0.17134.472], locale en-US)
    • Flutter version 1.0.0 at C:\src\flutter
    • Framework revision 5391447fae (7 weeks ago), 2018-11-29 19:41:26 -0800
    • Engine revision 7375a0f414
    • Dart version 2.1.0 (build 2.1.0-dev.9.4 f9ebf21297)

[!] Android toolchain - develop for Android devices (Android SDK 28.0.3)
    • Android SDK at C:\Users\Reuvain\AppData\Local\Android\sdk
    • Android NDK location not configured (optional; useful for native profiling support)
    • Platform android-28, build-tools 28.0.3
    • Java binary at: C:\Program Files\Android\Android Studio\jre\bin\java
    • Java version OpenJDK Runtime Environment (build 1.8.0_152-release-1136-b06)
    ! Some Android licenses not accepted.  To resolve this, run: flutter doctor --android-licenses

[✓] Android Studio (version 3.2)
    • Android Studio at C:\Program Files\Android\Android Studio
    • Flutter plugin version 31.1.1
    • Dart plugin version 181.5656
    • Java version OpenJDK Runtime Environment (build 1.8.0_152-release-1136-b06)

[✓] VS Code, 64-bit edition (version 1.25.1)
    • VS Code at C:\Program Files\Microsoft VS Code
    • Flutter extension version 2.17.1

[✓] Connected device (1 available)
    • Pixel XL • HT74J0200552 • android-arm64 • Android 9 (API 28)

! Doctor found issues in 1 category.
```
